0 info it worked if it ends with ok
1 verbose cli [ '/usr/bin/node', '/usr/bin/npm', 'un', '-g', 'babel-cli' ]
2 info using npm@3.5.2
3 info using node@v8.10.0
4 silly loadCurrentTree Starting
5 silly install loadCurrentTree
6 silly install readGlobalPackageData
7 silly install normalizeTree
8 silly loadCurrentTree Finishing
9 silly loadIdealTree Starting
10 silly install loadIdealTree
11 silly cloneCurrentTree Starting
12 silly install cloneCurrentTreeToIdealTree
13 silly cloneCurrentTree Finishing
14 silly loadShrinkwrap Starting
15 silly install loadShrinkwrap
16 silly loadShrinkwrap Finishing
17 silly loadAllDepsIntoIdealTree Starting
18 silly uninstall loadAllDepsIntoIdealtree
19 silly loadAllDepsIntoIdealTree Finishing
20 silly idealTree:prePrune lib
21 silly loadIdealTree Finishing
22 silly currentTree lib
22 silly currentTree └── babel-cli
23 silly idealTree lib
24 silly generateActionsToTake Starting
25 silly install generateActionsToTake
26 warn checkPermissions Missing write access to /usr/local/lib/node_modules/babel-cli
27 warn checkPermissions Missing write access to /usr/local/lib/node_modules
28 silly rollbackFailedOptional Starting
29 silly rollbackFailedOptional Finishing
30 silly runTopLevelLifecycles Starting
31 silly runTopLevelLifecycles Finishing
32 silly install printInstalled
33 verbose stack Error: EACCES: permission denied, access '/usr/local/lib/node_modules/babel-cli'
34 verbose cwd /mnt/c/Users/harap/Documents/Udemy/reactjs
35 error Linux 4.4.0-17134-Microsoft
36 error argv "/usr/bin/node" "/usr/bin/npm" "un" "-g" "babel-cli"
37 error node v8.10.0
38 error npm  v3.5.2
39 error path /usr/local/lib/node_modules/babel-cli
40 error code EACCES
41 error errno -13
42 error syscall access
43 error Error: EACCES: permission denied, access '/usr/local/lib/node_modules/babel-cli'
43 error  { Error: EACCES: permission denied, access '/usr/local/lib/node_modules/babel-cli'
43 error   errno: -13,
43 error   code: 'EACCES',
43 error   syscall: 'access',
43 error   path: '/usr/local/lib/node_modules/babel-cli' }
44 error Please try running this command again as root/Administrator.
45 verbose exit [ -13, true ]
